# JRE version: Java(TM) SE Runtime Environment (8.0_111-b14) (build 1.8.0_111-b14)
# Java VM: Java HotSpot(TM) 64-Bit Server VM (25.111-b14 mixed mode bsd-amd64 compressed oops)
Heap:
 PSYoungGen      total 76288K, used 76279K [0x000000076ab00000, 0x0000000774000000, 0x00000007c0000000)
  eden space 65536K, 100% used [0x000000076ab00000,0x000000076eb00000,0x000000076eb00000)
  from space 10752K, 99% used [0x000000076f580000,0x000000076fffdc60,0x0000000770000000)
  to   space 10752K, 99% used [0x000000076eb00000,0x000000076f57d6f8,0x000000076f580000)
 ParOldGen       total 175104K, used 115988K [0x00000006c0000000, 0x00000006cab00000, 0x000000076ab00000)
  object space 175104K, 66% used [0x00000006c0000000,0x00000006c7147030,0x00000006cab00000)
 Metaspace       used 9130K, capacity 9274K, committed 9344K, reserved 1056768K
  class space    used 1079K, capacity 1149K, committed 1152K, reserved 1048576K
GC Heap History (5 events):
Event: 6.386 GC heap before
{Heap before GC invocations=1 (full 0):
 PSYoungGen      total 76288K, used 65536K [0x000000076ab00000, 0x0000000770000000, 0x00000007c0000000)
  eden space 65536K, 100% used [0x000000076ab00000,0x000000076eb00000,0x000000076eb00000)
  from space 10752K, 0% used [0x000000076f580000,0x000000076f580000,0x0000000770000000)
  to   space 10752K, 0% used [0x000000076eb00000,0x000000076eb00000,0x000000076f580000)
 ParOldGen       total 175104K, used 0K [0x00000006c0000000, 0x00000006cab00000, 0x000000076ab00000)
  object space 175104K, 0% used [0x00000006c0000000,0x00000006c0000000,0x00000006cab00000)
 Metaspace       used 9130K, capacity 9274K, committed 9344K, reserved 1056768K
  class space    used 1079K, capacity 1149K, committed 1152K, reserved 1048576K
Event: 6.435 GC heap after
Heap after GC invocations=1 (full 0):
 PSYoungGen      total 76288K, used 10751K [0x000000076ab00000, 0x0000000770000000, 0x00000007c0000000)
  eden space 65536K, 0% used [0x000000076ab00000,0x000000076ab00000,0x000000076eb00000)
  from space 10752K, 99% used [0x000000076eb00000,0x000000076f57fe60,0x000000076f580000)
  to   space 10752K, 0% used [0x000000076f580000,0x000000076f580000,0x0000000770000000)
 ParOldGen       total 175104K, used 35560K [0x00000006c0000000, 0x00000006cab00000, 0x000000076ab00000)
  object space 175104K, 20% used [0x00000006c0000000,0x00000006c22ba000,0x00000006cab00000)
 Metaspace       used 9130K, capacity 9274K, committed 9344K, reserved 1056768K
  class space    used 1079K, capacity 1149K, committed 1152K, reserved 1048576K
}
Event: 6.467 GC heap before
{Heap before GC invocations=2 (full 0):
 PSYoungGen      total 76288K, used 76287K [0x000000076ab00000, 0x0000000770000000, 0x00000007c0000000)
  eden space 65536K, 100% used [0x000000076ab00000,0x000000076eb00000,0x000000076eb00000)
  from space 10752K, 99% used [0x000000076eb00000,0x000000076f57fe60,0x000000076f580000)
  to   space 10752K, 0% used [0x000000076f580000,0x000000076f580000,0x0000000770000000)
 ParOldGen       total 175104K, used 35560K [0x00000006c0000000, 0x00000006cab00000, 0x000000076ab00000)
  object space 175104K, 20% used [0x00000006c0000000,0x00000006c22ba000,0x00000006cab00000)
 Metaspace       used 9130K, capacity 9274K, committed 9344K, reserved 1056768K
  class space    used 1079K, capacity 1149K, committed 1152K, reserved 1048576K
Event: 6.548 GC heap after
Heap after GC invocations=2 (full 0):
 PSYoungGen      total 76288K, used 10743K [0x000000076ab00000, 0x0000000774000000, 0x00000007c0000000)
  eden space 65536K, 0% used [0x000000076ab00000,0x000000076ab00000,0x000000076eb00000)
  from space 10752K, 99% used [0x000000076f580000,0x000000076fffdc60,0x0000000770000000)
  to   space 10752K, 0% used [0x000000076eb00000,0x000000076eb00000,0x000000076f580000)
 ParOldGen       total 175104K, used 97712K [0x00000006c0000000, 0x00000006cab00000, 0x000000076ab00000)
  object space 175104K, 55% used [0x00000006c0000000,0x00000006c5f6c000,0x00000006cab00000)
 Metaspace       used 9130K, capacity 9274K, committed 9344K, reserved 1056768K
  class space    used 1079K, capacity 1149K, committed 1152K, reserved 1048576K
}
Event: 6.566 GC heap before
{Heap before GC invocations=3 (full 0):
 PSYoungGen      total 76288K, used 76279K [0x000000076ab00000, 0x0000000774000000, 0x00000007c0000000)
  eden space 65536K, 100% used [0x000000076ab00000,0x000000076eb00000,0x000000076eb00000)
  from space 10752K, 99% used [0x000000076f580000,0x000000076fffdc60,0x0000000770000000)
  to   space 10752K, 0% used [0x000000076eb00000,0x000000076eb00000,0x000000076f580000)
 ParOldGen       total 175104K, used 97712K [0x00000006c0000000, 0x00000006cab00000, 0x000000076ab00000)
  object space 175104K, 55% used [0x00000006c0000000,0x00000006c5f6c000,0x00000006cab00000)
 Metaspace       used 9130K, capacity 9274K, committed 9344K, reserved 1056768K
  class space    used 1079K, capacity 1149K, committed 1152K, reserved 1048576K

