# JRE version: Java(TM) SE Runtime Environment (8.0_111-b14) (build 1.8.0_111-b14)
# Java VM: Java HotSpot(TM) 64-Bit Server VM (25.111-b14 mixed mode bsd-amd64 compressed oops)
Heap:
 PSYoungGen      total 272384K, used 261632K [0x000000076ab00000, 0x0000000795680000, 0x00000007c0000000)
  eden space 261632K, 100% used [0x000000076ab00000,0x000000077aa80000,0x000000077aa80000)
  from space 10752K, 0% used [0x000000077ab00000,0x000000077ab00000,0x000000077b580000)
  to   space 219136K, 26% used [0x0000000788080000,0x000000078b8632f8,0x0000000795680000)
 ParOldGen       total 985088K, used 531828K [0x00000006c0000000, 0x00000006fc200000, 0x000000076ab00000)
  object space 985088K, 53% used [0x00000006c0000000,0x00000006e075d368,0x00000006fc200000)
 Metaspace       used 9127K, capacity 9274K, committed 9344K, reserved 1056768K
  class space    used 1082K, capacity 1149K, committed 1152K, reserved 1048576K
GC Heap History (10 events):
Event: 4.005 GC heap after
Heap after GC invocations=4 (full 1):
 PSYoungGen      total 141824K, used 8635K [0x000000076ab00000, 0x000000077c000000, 0x00000007c0000000)
  eden space 131072K, 0% used [0x000000076ab00000,0x000000076ab00000,0x0000000772b00000)
  from space 10752K, 80% used [0x0000000772b00000,0x000000077336ef20,0x0000000773580000)
  to   space 10752K, 0% used [0x000000077b580000,0x000000077b580000,0x000000077c000000)
 ParOldGen       total 458752K, used 222472K [0x00000006c0000000, 0x00000006dc000000, 0x000000076ab00000)
  object space 458752K, 48% used [0x00000006c0000000,0x00000006cd942308,0x00000006dc000000)
 Metaspace       used 9121K, capacity 9274K, committed 9344K, reserved 1056768K
  class space    used 1079K, capacity 1149K, committed 1152K, reserved 1048576K
}
Event: 4.031 GC heap before
{Heap before GC invocations=5 (full 1):
 PSYoungGen      total 141824K, used 139707K [0x000000076ab00000, 0x000000077c000000, 0x00000007c0000000)
  eden space 131072K, 100% used [0x000000076ab00000,0x0000000772b00000,0x0000000772b00000)
  from space 10752K, 80% used [0x0000000772b00000,0x000000077336ef20,0x0000000773580000)
  to   space 10752K, 0% used [0x000000077b580000,0x000000077b580000,0x000000077c000000)
 ParOldGen       total 458752K, used 222472K [0x00000006c0000000, 0x00000006dc000000, 0x000000076ab00000)
  object space 458752K, 48% used [0x00000006c0000000,0x00000006cd942308,0x00000006dc000000)
 Metaspace       used 9127K, capacity 9274K, committed 9344K, reserved 1056768K
  class space    used 1082K, capacity 1149K, committed 1152K, reserved 1048576K
Event: 4.232 GC heap after
Heap after GC invocations=5 (full 1):
 PSYoungGen      total 202752K, used 10745K [0x000000076ab00000, 0x000000077c000000, 0x00000007c0000000)
  eden space 192000K, 0% used [0x000000076ab00000,0x000000076ab00000,0x0000000776680000)
  from space 10752K, 99% used [0x000000077b580000,0x000000077bffe6b8,0x000000077c000000)
  to   space 10752K, 0% used [0x000000077ab00000,0x000000077ab00000,0x000000077b580000)
 ParOldGen       total 458752K, used 342171K [0x00000006c0000000, 0x00000006dc000000, 0x000000076ab00000)
  object space 458752K, 74% used [0x00000006c0000000,0x00000006d4e26f10,0x00000006dc000000)
 Metaspace       used 9127K, capacity 9274K, committed 9344K, reserved 1056768K
  class space    used 1082K, capacity 1149K, committed 1152K, reserved 1048576K
}
Event: 4.232 GC heap before
{Heap before GC invocations=6 (full 2):
 PSYoungGen      total 202752K, used 10745K [0x000000076ab00000, 0x000000077c000000, 0x00000007c0000000)
  eden space 192000K, 0% used [0x000000076ab00000,0x000000076ab00000,0x0000000776680000)
  from space 10752K, 99% used [0x000000077b580000,0x000000077bffe6b8,0x000000077c000000)
  to   space 10752K, 0% used [0x000000077ab00000,0x000000077ab00000,0x000000077b580000)
 ParOldGen       total 458752K, used 342171K [0x00000006c0000000, 0x00000006dc000000, 0x000000076ab00000)
  object space 458752K, 74% used [0x00000006c0000000,0x00000006d4e26f10,0x00000006dc000000)
 Metaspace       used 9127K, capacity 9274K, committed 9344K, reserved 1056768K
  class space    used 1082K, capacity 1149K, committed 1152K, reserved 1048576K
Event: 5.771 GC heap after
Heap after GC invocations=6 (full 2):
 PSYoungGen      total 202752K, used 0K [0x000000076ab00000, 0x000000077c000000, 0x00000007c0000000)
  eden space 192000K, 0% used [0x000000076ab00000,0x000000076ab00000,0x0000000776680000)
  from space 10752K, 0% used [0x000000077b580000,0x000000077b580000,0x000000077c000000)
  to   space 10752K, 0% used [0x000000077ab00000,0x000000077ab00000,0x000000077b580000)
 ParOldGen       total 679424K, used 352434K [0x00000006c0000000, 0x00000006e9780000, 0x000000076ab00000)
  object space 679424K, 51% used [0x00000006c0000000,0x00000006d582c998,0x00000006e9780000)
 Metaspace       used 9127K, capacity 9274K, committed 9344K, reserved 1056768K
  class space    used 1082K, capacity 1149K, committed 1152K, reserved 1048576K
}
Event: 5.826 GC heap before
{Heap before GC invocations=7 (full 2):
 PSYoungGen      total 202752K, used 192000K [0x000000076ab00000, 0x000000077c000000, 0x00000007c0000000)
  eden space 192000K, 100% used [0x000000076ab00000,0x0000000776680000,0x0000000776680000)
  from space 10752K, 0% used [0x000000077b580000,0x000000077b580000,0x000000077c000000)
  to   space 10752K, 0% used [0x000000077ab00000,0x000000077ab00000,0x000000077b580000)
 ParOldGen       total 679424K, used 352434K [0x00000006c0000000, 0x00000006e9780000, 0x000000076ab00000)
  object space 679424K, 51% used [0x00000006c0000000,0x00000006d582c998,0x00000006e9780000)
 Metaspace       used 9127K, capacity 9274K, committed 9344K, reserved 1056768K
  class space    used 1082K, capacity 1149K, committed 1152K, reserved 1048576K
Event: 6.047 GC heap after
Heap after GC invocations=7 (full 2):
 PSYoungGen      total 272384K, used 10752K [0x000000076ab00000, 0x0000000795680000, 0x00000007c0000000)
  eden space 261632K, 0% used [0x000000076ab00000,0x000000076ab00000,0x000000077aa80000)
  from space 10752K, 100% used [0x000000077ab00000,0x000000077b580000,0x000000077b580000)
  to   space 219136K, 0% used [0x0000000788080000,0x0000000788080000,0x0000000795680000)
 ParOldGen       total 679424K, used 532434K [0x00000006c0000000, 0x00000006e9780000, 0x000000076ab00000)
  object space 679424K, 78% used [0x00000006c0000000,0x00000006e07f4b98,0x00000006e9780000)
 Metaspace       used 9127K, capacity 9274K, committed 9344K, reserved 1056768K
  class space    used 1082K, capacity 1149K, committed 1152K, reserved 1048576K
}
Event: 6.047 GC heap before
{Heap before GC invocations=8 (full 3):
 PSYoungGen      total 272384K, used 10752K [0x000000076ab00000, 0x0000000795680000, 0x00000007c0000000)
  eden space 261632K, 0% used [0x000000076ab00000,0x000000076ab00000,0x000000077aa80000)
  from space 10752K, 100% used [0x000000077ab00000,0x000000077b580000,0x000000077b580000)
  to   space 219136K, 0% used [0x0000000788080000,0x0000000788080000,0x0000000795680000)
 ParOldGen       total 679424K, used 532434K [0x00000006c0000000, 0x00000006e9780000, 0x000000076ab00000)
  object space 679424K, 78% used [0x00000006c0000000,0x00000006e07f4b98,0x00000006e9780000)
 Metaspace       used 9127K, capacity 9274K, committed 9344K, reserved 1056768K
  class space    used 1082K, capacity 1149K, committed 1152K, reserved 1048576K
Event: 7.991 GC heap after
Heap after GC invocations=8 (full 3):
 PSYoungGen      total 272384K, used 0K [0x000000076ab00000, 0x0000000795680000, 0x00000007c0000000)
  eden space 261632K, 0% used [0x000000076ab00000,0x000000076ab00000,0x000000077aa80000)
  from space 10752K, 0% used [0x000000077ab00000,0x000000077ab00000,0x000000077b580000)
  to   space 219136K, 0% used [0x0000000788080000,0x0000000788080000,0x0000000795680000)
 ParOldGen       total 985088K, used 531828K [0x00000006c0000000, 0x00000006fc200000, 0x000000076ab00000)
  object space 985088K, 53% used [0x00000006c0000000,0x00000006e075d368,0x00000006fc200000)
 Metaspace       used 9127K, capacity 9274K, committed 9344K, reserved 1056768K
  class space    used 1082K, capacity 1149K, committed 1152K, reserved 1048576K
}
Event: 8.090 GC heap before
{Heap before GC invocations=9 (full 3):
 PSYoungGen      total 272384K, used 261632K [0x000000076ab00000, 0x0000000795680000, 0x00000007c0000000)
  eden space 261632K, 100% used [0x000000076ab00000,0x000000077aa80000,0x000000077aa80000)
  from space 10752K, 0% used [0x000000077ab00000,0x000000077ab00000,0x000000077b580000)
  to   space 219136K, 0% used [0x0000000788080000,0x0000000788080000,0x0000000795680000)
 ParOldGen       total 985088K, used 531828K [0x00000006c0000000, 0x00000006fc200000, 0x000000076ab00000)
  object space 985088K, 53% used [0x00000006c0000000,0x00000006e075d368,0x00000006fc200000)
 Metaspace       used 9127K, capacity 9274K, committed 9344K, reserved 1056768K
  class space    used 1082K, capacity 1149K, committed 1152K, reserved 1048576K

